https://raw.githubusercontent.com/JosephTLyons/MIPS-Assembly-Sum-Loop/master/SumLoop.asm
https://raw.githubusercontent.com/lllllll-llll-llllll/codeabbey_autoit/master/03.au3
https://raw.githubusercontent.com/ValeWasTaken/CodeAbbey_Solutions/master/Brainfuck/id114-Tricky_Printing.bf
https://raw.githubusercontent.com/DestructHub/ProjectEuler/master/Problem001/Brain/solution_1.brain
https://raw.githubusercontent.com/RyanLafferty/CodeAbbey/master/p3.c
https://raw.githubusercontent.com/chapeldev/cdo/master/example/exmysql.chpl
https://raw.githubusercontent.com/DestructHub/ProjectEuler/master/Problem001/Clojure/solution_1.clj
https://raw.githubusercontent.com/JulianBirch/cljs-ajax/master/src/ajax/core.cljc
https://gist.githubusercontent.com/auroranockert/1371090/raw/d45458ac142e7928600dcd4305bfa423420f2056/longdouble.coffee
https://raw.githubusercontent.com/spokenlore/CodeAbbey/master/Beginner/3.%20sumsInLoops/SumsInLoop.cpp
https://raw.githubusercontent.com/pastelito02/Challenges-sol/master/Programming/Codeabbey/006/slayfer1112.cr
https://raw.githubusercontent.com/Tempurturtul/CodeAbbey/master/C%23/SumLoop.cs
https://raw.githubusercontent.com/DestructHub/ProjectEuler/master/Problem001/D/solution_1.d
https://raw.githubusercontent.com/SebastianHerrera/DartProblems/master/sums_in_loops.dart
https://raw.githubusercontent.com/Paatus/erlang_solutions/master/fib_seq.erl
https://gist.githubusercontent.com/lkrych/34b5c852e7fa91e9671de61777d533ff/raw/02dae6768b06a15ae443a40ed9fddb2e8374201e/two_sum.ex
https://raw.githubusercontent.com/tgxworld/programming-elixir/master/sum.exs
https://raw.githubusercontent.com/SmellyIrishMan/CodeAbbeyProblems/master/CodeAbbeyProblems/Summing.fs
https://raw.githubusercontent.com/vinitkantrod/go-codeabbey/master/03_sums_in_loop/main.go
https://raw.githubusercontent.com/githubtraining/example-groovy/master/src/Sum.groovy
https://raw.githubusercontent.com/zhizhen/thewar/3b5c5369072d9a09afc628d42cad640c7a4fae7c/server/include/common.hrl
https://raw.githubusercontent.com/aterkik/Projects/master/Numbers/primeFactors.hs
https://raw.githubusercontent.com/psk11/snippets/master/cardValid.html
https://raw.githubusercontent.com/SEUNAKINTOLA/FingerTempToDB/master/sendTemplateToDb.ino
https://raw.githubusercontent.com/bkawan/codeabbey_python/master/problem-3.ipynb
https://raw.githubusercontent.com/meganroche/CodeAbbeySolutions/master/Java/SumsLoop.java
https://raw.githubusercontent.com/melvin0008/FactorialComparer/master/fact.jl
https://raw.githubusercontent.com/jsenne/Code-Abbey-Solutions/master/003_SumsInLoop.js
https://raw.githubusercontent.com/DestructHub/ProjectEuler/master/Problem001/Kotlin/solution_1.kt
https://raw.githubusercontent.com/chriswood/codeabbey/master/ca3.lisp
https://raw.githubusercontent.com/JeroenDeDauw/euler-lua/master/solutions/p26.lua
https://gist.githubusercontent.com/mootoh/222087/raw/a1fed5459c20d8d235da577b18394a374b2f6ecc/neon_sum.m
https://raw.githubusercontent.com/MagoMalsa/Markdown-Loops/master/README.md
https://gist.githubusercontent.com/kunigami/5606da7fc00928f815a40d1186dd0471/raw/f3da1a21cf8f4d3616a542b02a01315b43be729d/sum_array.ml
https://raw.githubusercontent.com/runwayml/processing/master/posenet/posenet.pde
https://raw.githubusercontent.com/mpeshehonov/Codeabbey/master/practice/%233/index.php
https://raw.githubusercontent.com/MadcapJake/codeabbey-problems/master/perl6/sums-in-loop/sums-in-loop.pl
https://raw.githubusercontent.com/VFPX/FoxUnit/master/FoxUnit/Tests/ThorTest.prg
https://raw.githubusercontent.com/ValeWasTaken/CodeAbbey_Solutions/master/Python/id003-Sums_in_loop.py
https://raw.githubusercontent.com/LuisPatino92/fluid_attacks_recruitment_process-ExternalSolutions/main/002/codeabbey002.py0
https://raw.githubusercontent.com/LuisPatino92/fluid_attacks_recruitment_process-ExternalSolutions/main/002/codeabbey002.py1
https://raw.githubusercontent.com/LuisPatino92/fluid_attacks_recruitment_process-ExternalSolutions/main/002/codeabbey002.py2
https://raw.githubusercontent.com/LuisPatino92/fluid_attacks_recruitment_process-ExternalSolutions/main/002/codeabbey002.py3
https://raw.githubusercontent.com/LuisPatino92/fluid_attacks_recruitment_process-ExternalSolutions/main/002/codeabbey002.py4
https://raw.githubusercontent.com/LuisPatino92/fluid_attacks_recruitment_process-ExternalSolutions/main/002/codeabbey002.py5
https://raw.githubusercontent.com/LuisPatino92/fluid_attacks_recruitment_process-ExternalSolutions/main/002/codeabbey002.py6
https://raw.githubusercontent.com/LuisPatino92/fluid_attacks_recruitment_process-ExternalSolutions/main/002/codeabbey002.py7
https://raw.githubusercontent.com/LuisPatino92/fluid_attacks_recruitment_process-ExternalSolutions/main/002/codeabbey002.py8
https://raw.githubusercontent.com/LuisPatino92/fluid_attacks_recruitment_process-ExternalSolutions/main/002/codeabbey002.py9
https://raw.githubusercontent.com/LuisPatino92/fluid_attacks_recruitment_process-ExternalSolutions/main/002/codeabbey002.py91
https://raw.githubusercontent.com/LuisPatino92/fluid_attacks_recruitment_process-ExternalSolutions/main/002/codeabbey002.py92
https://raw.githubusercontent.com/LuisPatino92/fluid_attacks_recruitment_process-ExternalSolutions/main/002/codeabbey002.py93
https://raw.githubusercontent.com/geekkuldeep/djangoPro/0a6c329c997a935f14c9c09c26590d1c5cb56bc8/Cython-0.28.1/tests/run/pure.pyx
https://raw.githubusercontent.com/marclerodrigues/ruby_exercises/master/sums_in_loops.rb
https://raw.githubusercontent.com/kikemadrigal/MSX1-Desktop-fusion-c-ahorcado/667fb085f4e253da48372e454a19d417cce088ea/fusion-c/source/lib/vdp_graph1.s
https://raw.githubusercontent.com/DestructHub/ProjectEuler/master/Problem001/Scheme/solution_2.scm
https://raw.githubusercontent.com/tiikeri/all/master/coding-problems-solved/projects-solutions/fs.sh
https://raw.githubusercontent.com/melvin0008/FactorialComparer/master/fact.sml
https://raw.githubusercontent.com/duliodenis/swift-coding-challenges/master/challenges/04_contains.swift
https://raw.githubusercontent.com/latex3/latex3/main/texmf/tex/latex/base/ltxcheck.tex
https://raw.githubusercontent.com/psmyrdek/typescript-challenges/master/src/only-one/only-one.ts
https://raw.githubusercontent.com/Camiko0/Suma_Assembler/master/Assembler_Suma.txt
https://raw.githubusercontent.com/skilled19/sols/master/harv/codeabbey-11-sum-of-digits.vb
https://raw.githubusercontent.com/vuejs/vue-hackernews/gh-pages/src/components/Comment.vue
https://raw.githubusercontent.com/antoniocachuan/ejerciciosjava/master/AprendiendoJSF/web/suma.xhtml
