https://raw.githubusercontent.com/MuhammadHamzaCS2020/GCD_in-Assembly/master/GCD.asm
https://raw.githubusercontent.com/lonkamikaze/hsk-libs/master/scripts/dbc2c.awk
https://raw.githubusercontent.com/CoherentLogic/gcd/master/gcd-basic.bas
https://raw.githubusercontent.com/jainaman224/Algo_Ds_Notes/master/Extended_Euclidean_Algorithm/Extended_Euclidean_Algorithm.c
https://raw.githubusercontent.com/pastelito02/Challenges-sol/master/Programming/Codeabbey/143/MortTull.cc
https://raw.githubusercontent.com/chapeldev/cdo/master/example/exmysql.chpl
https://raw.githubusercontent.com/weavejester/euclidean/master/project.clj
https://raw.githubusercontent.com/CoherentLogic/gcd/master/gcd.cob
https://raw.githubusercontent.com/jainaman224/Algo_Ds_Notes/master/Extended_Euclidean_Algorithm/Extended_Euclidean_Algorithm.coffee
https://raw.githubusercontent.com/GhanimAlmansouri/Euclidean-Algorithm/master/Main.cpp
https://raw.githubusercontent.com/pastelito02/Challenges-sol/master/Programming/Codeabbey/143/Mastermind.cs
https://raw.githubusercontent.com/Alex-Lar/Finding-the-GCD/master/style.css
https://raw.githubusercontent.com/brunojaciel/M-ximo-divisor-comum-Sequencial-e-paralelo-com-CUDA-e-OpenMP/main/MdcCuda.cu
https://raw.githubusercontent.com/vitorsvieira/erlang-euclid/master/src/euclid.erl
https://raw.githubusercontent.com/CoherentLogic/gcd/master/gcd.f90
https://raw.githubusercontent.com/jhayotte/GreatestCommonDivisor/master/main.go
https://raw.githubusercontent.com/pastelito02/Challenges-sol/master/Programming/Codeabbey/143/gsou859.hs
https://raw.githubusercontent.com/shinobi8894/gcd/main/index.html
https://raw.githubusercontent.com/yadhuk141/Euclidean-algorithm/main/Maths_GCD.ipynb
https://raw.githubusercontent.com/pastelito02/Challenges-sol/master/Programming/Codeabbey/143/relativity.java
https://raw.githubusercontent.com/pastelito02/Challenges-sol/master/Programming/Codeabbey/143/kittyaurel.jl
https://raw.githubusercontent.com/pastelito02/Challenges-sol/master/Programming/Codeabbey/143/Hyuto.js
https://raw.githubusercontent.com/privet-kitty/cl-competitive/master/module/ext-gcd.lisp
https://raw.githubusercontent.com/pastelito02/Challenges-sol/master/Programming/Codeabbey/143/ayy_luamao.lua
https://raw.githubusercontent.com/DaveTheBomb/Extended-Euclidean-Algorithm/main/Extended_Euclidean_Int.m
https://raw.githubusercontent.com/dan-barbulescu-dev/pascal-tutorials/master/gcd.pas
https://raw.githubusercontent.com/pastelito02/Challenges-sol/master/Programming/Codeabbey/143/DaMastaBrain.php
https://gist.githubusercontent.com/schnell18/fb31acf86a75bf8bcd87/raw/e7ec32af78f0328ba828c4dfb8d9507ebf448761/gcd.pl
https://raw.githubusercontent.com/VFPX/FoxUnit/master/FoxUnit/Tests/ThorTest.prg
https://raw.githubusercontent.com/Sonklol/Descomposicion-Factorial-y-MCD-Powershell/main/main.ps1
https://raw.githubusercontent.com/pastelito02/Challenges-sol/master/Programming/Codeabbey/143/maverick.rb
https://raw.githubusercontent.com/CoherentLogic/gcd/master/gcd.rexx
https://raw.githubusercontent.com/frewsxcv/rust-gcd/master/src/lib.rs
https://raw.githubusercontent.com/chausen/MIPS_GCD-LCM/master/ProgAssign2_Clay_Hausen.s
https://raw.githubusercontent.com/javilag/codeAbbeyChalls/master/Challs/Scala/143.scala
https://raw.githubusercontent.com/lpcsmath/egcd/master/scheme/egcd.scm
https://raw.githubusercontent.com/kuroetky/greatest_common_divisor/master/calc.sh
https://raw.githubusercontent.com/lpcsmath/egcd/master/sml/egcd.sml
https://raw.githubusercontent.com/ealden/GreatestCommonDivisorKataSwift/master/GreatestCommonDivisorKata/GreatestCommonDivisorKata.swift
https://raw.githubusercontent.com/CoherentLogic/gcd/master/gcd.tcl
https://raw.githubusercontent.com/slugrustle/fx-5800P_progs/master/GCD/CASIO_fx-5800P_GCD.tex
https://raw.githubusercontent.com/jovanape/Greatest_common_divisor/master/Najveci_zajednicki_delilac.thy
https://raw.githubusercontent.com/japan-d2/js-gcd/master/src/bigint/index.ts
https://raw.githubusercontent.com/01FE20BEC418/GCD/main/gcd.v
https://raw.githubusercontent.com/pastelito02/Challenges-sol/master/Programming/Codeabbey/143/Guy-Gervais.vb
